[2024-08-28 10:06 WARNING] Skipping empty record dictionary.types.attributes
[2024-08-28 10:53 DEBUG] Deciding action for events.registry_key_activity.attributes.reg_key_result.type caused by REMOVE
[2024-08-28 10:53 DEBUG] Multiple directives possible for events.registry_key_activity.attributes.reg_key_result.type.
UPDATE: 202
PRESERVE: 0
DEPRECATE: 121
IGNORE: 0
  UPDATE: *.attributes.*.type
  DEPRECATE: ?.?.attributes.*

[2024-08-28 10:53 INFO] Choosing to update events.registry_key_activity.attributes.reg_key_result.type after detecting 2.
[2024-08-28 10:53 DEBUG] Deciding action for events.registry_key_activity.attributes.reg_key.type caused by UPDATE
[2024-08-28 10:53 DEBUG] Multiple directives possible for events.registry_key_activity.attributes.reg_key.type.
UPDATE: 202
PRESERVE: 0
DEPRECATE: 121
IGNORE: 0
  UPDATE: *.attributes.*.type
  DEPRECATE: ?.?.attributes.*

[2024-08-28 10:53 INFO] Choosing to update events.registry_key_activity.attributes.reg_key.type after detecting 3.
[2024-08-28 10:53 DEBUG] Deciding action for events.registry_value_activity.attributes.reg_value_result.type caused by REMOVE
[2024-08-28 10:53 DEBUG] Multiple directives possible for events.registry_value_activity.attributes.reg_value_result.type.
UPDATE: 202
PRESERVE: 0
DEPRECATE: 121
IGNORE: 0
  UPDATE: *.attributes.*.type
  DEPRECATE: ?.?.attributes.*

[2024-08-28 10:53 INFO] Choosing to update events.registry_value_activity.attributes.reg_value_result.type after detecting 2.
[2024-08-28 10:53 DEBUG] Deciding action for events.registry_value_activity.attributes.reg_value.type caused by UPDATE
[2024-08-28 10:53 DEBUG] Multiple directives possible for events.registry_value_activity.attributes.reg_value.type.
UPDATE: 202
PRESERVE: 0
DEPRECATE: 121
IGNORE: 0
  UPDATE: *.attributes.*.type
  DEPRECATE: ?.?.attributes.*

[2024-08-28 10:53 INFO] Choosing to update events.registry_value_activity.attributes.reg_value.type after detecting 3.
[2024-08-28 10:53 WARNING] Skipping empty record dictionary.types.attributes
[2024-08-28 10:58 DEBUG] Deciding action for events.registry_key_activity.attributes.reg_key_result.type caused by UPDATE
[2024-08-28 10:58 DEBUG] Multiple directives possible for events.registry_key_activity.attributes.reg_key_result.type.
UPDATE: 202
PRESERVE: 0
DEPRECATE: 121
IGNORE: 0
  UPDATE: *.attributes.*.type
  DEPRECATE: ?.?.attributes.*

[2024-08-28 10:58 INFO] Choosing to update events.registry_key_activity.attributes.reg_key_result.type after detecting 3.
[2024-08-28 10:58 DEBUG] Deciding action for events.registry_key_activity.attributes.reg_key.type caused by UPDATE
[2024-08-28 10:58 DEBUG] Multiple directives possible for events.registry_key_activity.attributes.reg_key.type.
UPDATE: 202
PRESERVE: 0
DEPRECATE: 121
IGNORE: 0
  UPDATE: *.attributes.*.type
  DEPRECATE: ?.?.attributes.*

[2024-08-28 10:58 INFO] Choosing to update events.registry_key_activity.attributes.reg_key.type after detecting 3.
[2024-08-28 10:58 DEBUG] Deciding action for events.registry_value_activity.attributes.reg_value.type caused by UPDATE
[2024-08-28 10:58 DEBUG] Multiple directives possible for events.registry_value_activity.attributes.reg_value.type.
UPDATE: 202
PRESERVE: 0
DEPRECATE: 121
IGNORE: 0
  UPDATE: *.attributes.*.type
  DEPRECATE: ?.?.attributes.*

[2024-08-28 10:58 INFO] Choosing to update events.registry_value_activity.attributes.reg_value.type after detecting 3.
[2024-08-28 10:58 DEBUG] Deciding action for events.registry_value_activity.attributes.reg_value_result.type caused by UPDATE
[2024-08-28 10:58 DEBUG] Multiple directives possible for events.registry_value_activity.attributes.reg_value_result.type.
UPDATE: 202
PRESERVE: 0
DEPRECATE: 121
IGNORE: 0
  UPDATE: *.attributes.*.type
  DEPRECATE: ?.?.attributes.*

[2024-08-28 10:58 INFO] Choosing to update events.registry_value_activity.attributes.reg_value_result.type after detecting 3.
[2024-08-28 10:58 WARNING] Skipping empty record dictionary.types.attributes
[2024-08-28 10:58 DEBUG] Deciding action for events.registry_key_activity.attributes.reg_key_result.type caused by UPDATE
[2024-08-28 10:58 DEBUG] Multiple directives possible for events.registry_key_activity.attributes.reg_key_result.type.
UPDATE: 202
PRESERVE: 0
DEPRECATE: 121
IGNORE: 0
  UPDATE: *.attributes.*.type
  DEPRECATE: ?.?.attributes.*

[2024-08-28 10:58 INFO] Choosing to update events.registry_key_activity.attributes.reg_key_result.type after detecting 3.
[2024-08-28 10:58 DEBUG] Deciding action for events.registry_key_activity.attributes.reg_key.type caused by UPDATE
[2024-08-28 10:58 DEBUG] Multiple directives possible for events.registry_key_activity.attributes.reg_key.type.
UPDATE: 202
PRESERVE: 0
DEPRECATE: 121
IGNORE: 0
  UPDATE: *.attributes.*.type
  DEPRECATE: ?.?.attributes.*

[2024-08-28 10:58 INFO] Choosing to update events.registry_key_activity.attributes.reg_key.type after detecting 3.
[2024-08-28 10:58 DEBUG] Deciding action for events.registry_value_activity.attributes.reg_value.type caused by UPDATE
[2024-08-28 10:58 DEBUG] Multiple directives possible for events.registry_value_activity.attributes.reg_value.type.
UPDATE: 202
PRESERVE: 0
DEPRECATE: 121
IGNORE: 0
  UPDATE: *.attributes.*.type
  DEPRECATE: ?.?.attributes.*

[2024-08-28 10:58 INFO] Choosing to update events.registry_value_activity.attributes.reg_value.type after detecting 3.
[2024-08-28 10:58 DEBUG] Deciding action for events.registry_value_activity.attributes.reg_value_result.type caused by UPDATE
[2024-08-28 10:58 DEBUG] Multiple directives possible for events.registry_value_activity.attributes.reg_value_result.type.
UPDATE: 202
PRESERVE: 0
DEPRECATE: 121
IGNORE: 0
  UPDATE: *.attributes.*.type
  DEPRECATE: ?.?.attributes.*

[2024-08-28 10:58 INFO] Choosing to update events.registry_value_activity.attributes.reg_value_result.type after detecting 3.
[2024-08-28 10:58 WARNING] Skipping empty record dictionary.types.attributes
[2024-08-28 11:09 DEBUG] Deciding action for events.registry_key_activity.attributes.reg_key_result caused by REMOVE
[2024-08-28 11:09 DEBUG] Deciding action for events.registry_key_activity.attributes.reg_key.type caused by UPDATE
[2024-08-28 11:09 DEBUG] Multiple directives possible for events.registry_key_activity.attributes.reg_key.type.
UPDATE: 202
PRESERVE: 0
DEPRECATE: 121
IGNORE: 0
  UPDATE: *.attributes.*.type
  DEPRECATE: ?.?.attributes.*

[2024-08-28 11:09 INFO] Choosing to update events.registry_key_activity.attributes.reg_key.type after detecting 3.
[2024-08-28 11:09 DEBUG] Deciding action for events.registry_value_activity.attributes.reg_value_result caused by REMOVE
[2024-08-28 11:09 DEBUG] Deciding action for events.registry_value_activity.attributes.reg_value.type caused by UPDATE
[2024-08-28 11:09 DEBUG] Multiple directives possible for events.registry_value_activity.attributes.reg_value.type.
UPDATE: 202
PRESERVE: 0
DEPRECATE: 121
IGNORE: 0
  UPDATE: *.attributes.*.type
  DEPRECATE: ?.?.attributes.*

[2024-08-28 11:09 INFO] Choosing to update events.registry_value_activity.attributes.reg_value.type after detecting 3.
[2024-08-28 11:09 WARNING] Skipping empty record dictionary.types.attributes
[2024-08-28 11:09 DEBUG] Deciding action for events.registry_key_activity.attributes.reg_key_result caused by REMOVE
[2024-08-28 11:09 DEBUG] Deciding action for events.registry_key_activity.attributes.reg_key.type caused by UPDATE
[2024-08-28 11:09 DEBUG] Multiple directives possible for events.registry_key_activity.attributes.reg_key.type.
UPDATE: 202
PRESERVE: 0
DEPRECATE: 121
IGNORE: 0
  UPDATE: *.attributes.*.type
  DEPRECATE: ?.?.attributes.*

[2024-08-28 11:09 INFO] Choosing to update events.registry_key_activity.attributes.reg_key.type after detecting 3.
[2024-08-28 11:09 DEBUG] Deciding action for events.registry_value_activity.attributes.reg_value_result caused by REMOVE
[2024-08-28 11:09 DEBUG] Deciding action for events.registry_value_activity.attributes.reg_value.type caused by UPDATE
[2024-08-28 11:09 DEBUG] Multiple directives possible for events.registry_value_activity.attributes.reg_value.type.
UPDATE: 202
PRESERVE: 0
DEPRECATE: 121
IGNORE: 0
  UPDATE: *.attributes.*.type
  DEPRECATE: ?.?.attributes.*

[2024-08-28 11:09 INFO] Choosing to update events.registry_value_activity.attributes.reg_value.type after detecting 3.
[2024-08-28 11:09 WARNING] Skipping empty record dictionary.types.attributes
[2024-08-28 11:10 DEBUG] Deciding action for events.registry_key_activity.attributes.reg_key_result caused by REMOVE
[2024-08-28 11:10 DEBUG] Deciding action for events.registry_key_activity.attributes.reg_key.type caused by UPDATE
[2024-08-28 11:10 DEBUG] Multiple directives possible for events.registry_key_activity.attributes.reg_key.type.
UPDATE: 202
PRESERVE: 0
DEPRECATE: 121
IGNORE: 0
  UPDATE: *.attributes.*.type
  DEPRECATE: ?.?.attributes.*

[2024-08-28 11:10 INFO] Choosing to update events.registry_key_activity.attributes.reg_key.type after detecting 3.
[2024-08-28 11:10 DEBUG] Deciding action for events.registry_value_activity.attributes.reg_value_result caused by REMOVE
[2024-08-28 11:10 DEBUG] Deciding action for events.registry_value_activity.attributes.reg_value.type caused by UPDATE
[2024-08-28 11:10 DEBUG] Multiple directives possible for events.registry_value_activity.attributes.reg_value.type.
UPDATE: 202
PRESERVE: 0
DEPRECATE: 121
IGNORE: 0
  UPDATE: *.attributes.*.type
  DEPRECATE: ?.?.attributes.*

[2024-08-28 11:10 INFO] Choosing to update events.registry_value_activity.attributes.reg_value.type after detecting 3.
[2024-08-28 11:10 WARNING] Skipping empty record dictionary.types.attributes
[2024-08-28 11:10 DEBUG] Deciding action for events.registry_key_activity.attributes.reg_key_result caused by REMOVE
[2024-08-28 11:10 DEBUG] Multiple directives possible for events.registry_key_activity.attributes.reg_key_result.
UPDATE: 0
PRESERVE: 0
DEPRECATE: 121
IGNORE: 400
  DEPRECATE: ?.?.attributes.*
  IGNORE: events.registry_key_activity.attributes.reg_key_result

[2024-08-28 11:10 INFO] Ignoring events.registry_key_activity.attributes.reg_key_result after detecting 2.
[2024-08-28 11:10 DEBUG] Deciding action for events.registry_key_activity.attributes.reg_key.type caused by UPDATE
[2024-08-28 11:10 DEBUG] Multiple directives possible for events.registry_key_activity.attributes.reg_key.type.
UPDATE: 202
PRESERVE: 0
DEPRECATE: 121
IGNORE: 0
  UPDATE: *.attributes.*.type
  DEPRECATE: ?.?.attributes.*

[2024-08-28 11:10 INFO] Choosing to update events.registry_key_activity.attributes.reg_key.type after detecting 3.
[2024-08-28 11:10 DEBUG] Deciding action for events.registry_value_activity.attributes.reg_value_result caused by REMOVE
[2024-08-28 11:10 DEBUG] Multiple directives possible for events.registry_value_activity.attributes.reg_value_result.
UPDATE: 0
PRESERVE: 0
DEPRECATE: 121
IGNORE: 400
  DEPRECATE: ?.?.attributes.*
  IGNORE: events.registry_value_activity.attributes.reg_value_result

[2024-08-28 11:10 INFO] Ignoring events.registry_value_activity.attributes.reg_value_result after detecting 2.
[2024-08-28 11:10 DEBUG] Deciding action for events.registry_value_activity.attributes.reg_value.type caused by UPDATE
[2024-08-28 11:10 DEBUG] Multiple directives possible for events.registry_value_activity.attributes.reg_value.type.
UPDATE: 202
PRESERVE: 0
DEPRECATE: 121
IGNORE: 0
  UPDATE: *.attributes.*.type
  DEPRECATE: ?.?.attributes.*

[2024-08-28 11:10 INFO] Choosing to update events.registry_value_activity.attributes.reg_value.type after detecting 3.
[2024-08-28 11:10 WARNING] Skipping empty record dictionary.types.attributes
[2024-08-28 11:11 DEBUG] Deciding action for events.registry_key_activity.attributes.reg_key_result caused by REMOVE
[2024-08-28 11:11 DEBUG] Multiple directives possible for events.registry_key_activity.attributes.reg_key_result.
UPDATE: 0
PRESERVE: 0
DEPRECATE: 121
IGNORE: 400
  DEPRECATE: ?.?.attributes.*
  IGNORE: events.registry_key_activity.attributes.reg_key_result

[2024-08-28 11:11 INFO] Ignoring events.registry_key_activity.attributes.reg_key_result after detecting 2.
[2024-08-28 11:11 DEBUG] Deciding action for events.registry_key_activity.attributes.reg_key.type caused by UPDATE
[2024-08-28 11:11 DEBUG] Multiple directives possible for events.registry_key_activity.attributes.reg_key.type.
UPDATE: 202
PRESERVE: 0
DEPRECATE: 121
IGNORE: 0
  UPDATE: *.attributes.*.type
  DEPRECATE: ?.?.attributes.*

[2024-08-28 11:11 INFO] Choosing to update events.registry_key_activity.attributes.reg_key.type after detecting 3.
[2024-08-28 11:11 DEBUG] Deciding action for events.registry_value_activity.attributes.reg_value_result caused by REMOVE
[2024-08-28 11:11 DEBUG] Multiple directives possible for events.registry_value_activity.attributes.reg_value_result.
UPDATE: 0
PRESERVE: 0
DEPRECATE: 121
IGNORE: 400
  DEPRECATE: ?.?.attributes.*
  IGNORE: events.registry_value_activity.attributes.reg_value_result

[2024-08-28 11:11 INFO] Ignoring events.registry_value_activity.attributes.reg_value_result after detecting 2.
[2024-08-28 11:11 DEBUG] Deciding action for events.registry_value_activity.attributes.reg_value.type caused by UPDATE
[2024-08-28 11:11 DEBUG] Multiple directives possible for events.registry_value_activity.attributes.reg_value.type.
UPDATE: 202
PRESERVE: 0
DEPRECATE: 121
IGNORE: 0
  UPDATE: *.attributes.*.type
  DEPRECATE: ?.?.attributes.*

[2024-08-28 11:11 INFO] Choosing to update events.registry_value_activity.attributes.reg_value.type after detecting 3.
[2024-08-28 11:11 WARNING] Skipping empty record dictionary.types.attributes
