[2024-08-28 07:45 DEBUG] Deciding action for events.registry_key_activity.attributes.reg_key_result.type caused by UPDATE
[2024-08-28 07:45 DEBUG] Multiple directives possible for events.registry_key_activity.attributes.reg_key_result.type.
UPDATE: 202
PRESERVE: 0
DEPRECATE: 121
IGNORE: 0
  UPDATE: *.attributes.*.type
  DEPRECATE: ?.?.attributes.*

[2024-08-28 07:45 INFO] Choosing to update events.registry_key_activity.attributes.reg_key_result.type after detecting 3.
[2024-08-28 07:45 DEBUG] Deciding action for events.registry_value_activity.attributes.reg_value_result.type caused by UPDATE
[2024-08-28 07:45 DEBUG] Multiple directives possible for events.registry_value_activity.attributes.reg_value_result.type.
UPDATE: 202
PRESERVE: 0
DEPRECATE: 121
IGNORE: 0
  UPDATE: *.attributes.*.type
  DEPRECATE: ?.?.attributes.*

[2024-08-28 07:45 INFO] Choosing to update events.registry_value_activity.attributes.reg_value_result.type after detecting 3.
[2024-08-28 07:45 WARNING] Skipping empty record dictionary.types.attributes
[2024-08-28 07:48 DEBUG] Deciding action for events.registry_key_activity.attributes.reg_key_result.type caused by UPDATE
[2024-08-28 07:48 DEBUG] Multiple directives possible for events.registry_key_activity.attributes.reg_key_result.type.
UPDATE: 202
PRESERVE: 0
DEPRECATE: 121
IGNORE: 0
  UPDATE: *.attributes.*.type
  DEPRECATE: ?.?.attributes.*

[2024-08-28 07:48 INFO] Choosing to update events.registry_key_activity.attributes.reg_key_result.type after detecting 3.
[2024-08-28 07:48 DEBUG] Deciding action for events.registry_value_activity.attributes.reg_value_result.type caused by UPDATE
[2024-08-28 07:48 DEBUG] Multiple directives possible for events.registry_value_activity.attributes.reg_value_result.type.
UPDATE: 202
PRESERVE: 0
DEPRECATE: 121
IGNORE: 0
  UPDATE: *.attributes.*.type
  DEPRECATE: ?.?.attributes.*

[2024-08-28 07:48 INFO] Choosing to update events.registry_value_activity.attributes.reg_value_result.type after detecting 3.
[2024-08-28 07:48 WARNING] Skipping empty record dictionary.types.attributes
[2024-08-28 07:50 DEBUG] Deciding action for events.registry_key_activity.attributes.reg_key_result.type caused by UPDATE
[2024-08-28 07:50 DEBUG] Multiple directives possible for events.registry_key_activity.attributes.reg_key_result.type.
UPDATE: 202
PRESERVE: 0
DEPRECATE: 121
IGNORE: 0
  UPDATE: *.attributes.*.type
  DEPRECATE: ?.?.attributes.*

[2024-08-28 07:50 INFO] Choosing to update events.registry_key_activity.attributes.reg_key_result.type after detecting 3.
[2024-08-28 07:50 DEBUG] Deciding action for events.registry_value_activity.attributes.reg_value_result.type caused by UPDATE
[2024-08-28 07:50 DEBUG] Multiple directives possible for events.registry_value_activity.attributes.reg_value_result.type.
UPDATE: 202
PRESERVE: 0
DEPRECATE: 121
IGNORE: 0
  UPDATE: *.attributes.*.type
  DEPRECATE: ?.?.attributes.*

[2024-08-28 07:50 INFO] Choosing to update events.registry_value_activity.attributes.reg_value_result.type after detecting 3.
[2024-08-28 07:50 WARNING] Skipping empty record dictionary.types.attributes
[2024-08-28 09:55 DEBUG] Deciding action for events.registry_key_activity.attributes.reg_key_result.type caused by UPDATE
[2024-08-28 09:55 DEBUG] Multiple directives possible for events.registry_key_activity.attributes.reg_key_result.type.
UPDATE: 202
PRESERVE: 0
DEPRECATE: 121
IGNORE: 0
  UPDATE: *.attributes.*.type
  DEPRECATE: ?.?.attributes.*

[2024-08-28 09:55 INFO] Choosing to update events.registry_key_activity.attributes.reg_key_result.type after detecting 3.
[2024-08-28 09:55 DEBUG] Deciding action for events.registry_value_activity.attributes.reg_value_result.type caused by UPDATE
[2024-08-28 09:55 DEBUG] Multiple directives possible for events.registry_value_activity.attributes.reg_value_result.type.
UPDATE: 202
PRESERVE: 0
DEPRECATE: 121
IGNORE: 0
  UPDATE: *.attributes.*.type
  DEPRECATE: ?.?.attributes.*

[2024-08-28 09:55 INFO] Choosing to update events.registry_value_activity.attributes.reg_value_result.type after detecting 3.
[2024-08-28 09:55 WARNING] Skipping empty record dictionary.types.attributes
[2024-08-28 09:58 DEBUG] Deciding action for events.registry_key_activity.attributes.reg_key_result.type caused by UPDATE
[2024-08-28 09:58 DEBUG] Multiple directives possible for events.registry_key_activity.attributes.reg_key_result.type.
UPDATE: 202
PRESERVE: 0
DEPRECATE: 121
IGNORE: 0
  UPDATE: *.attributes.*.type
  DEPRECATE: ?.?.attributes.*

[2024-08-28 09:58 INFO] Choosing to update events.registry_key_activity.attributes.reg_key_result.type after detecting 3.
[2024-08-28 09:58 DEBUG] Deciding action for events.registry_value_activity.attributes.reg_value_result.type caused by UPDATE
[2024-08-28 09:58 DEBUG] Multiple directives possible for events.registry_value_activity.attributes.reg_value_result.type.
UPDATE: 202
PRESERVE: 0
DEPRECATE: 121
IGNORE: 0
  UPDATE: *.attributes.*.type
  DEPRECATE: ?.?.attributes.*

[2024-08-28 09:58 INFO] Choosing to update events.registry_value_activity.attributes.reg_value_result.type after detecting 3.
[2024-08-28 09:58 WARNING] Skipping empty record dictionary.types.attributes
[2024-08-28 10:05 DEBUG] Deciding action for events.registry_key_activity.attributes.reg_key_result.type caused by UPDATE
[2024-08-28 10:05 DEBUG] Multiple directives possible for events.registry_key_activity.attributes.reg_key_result.type.
UPDATE: 202
PRESERVE: 0
DEPRECATE: 121
IGNORE: 0
  UPDATE: *.attributes.*.type
  DEPRECATE: ?.?.attributes.*

[2024-08-28 10:05 INFO] Choosing to update events.registry_key_activity.attributes.reg_key_result.type after detecting 3.
[2024-08-28 10:05 DEBUG] Deciding action for events.registry_value_activity.attributes.reg_value_result.type caused by UPDATE
[2024-08-28 10:05 DEBUG] Multiple directives possible for events.registry_value_activity.attributes.reg_value_result.type.
UPDATE: 202
PRESERVE: 0
DEPRECATE: 121
IGNORE: 0
  UPDATE: *.attributes.*.type
  DEPRECATE: ?.?.attributes.*

[2024-08-28 10:05 INFO] Choosing to update events.registry_value_activity.attributes.reg_value_result.type after detecting 3.
[2024-08-28 10:05 WARNING] Skipping empty record dictionary.types.attributes
